<?xml version="1.0" encoding="UTF-8"?>
<testng-results ignored="0" total="2" passed="1" failed="1" skipped="0">
  <reporter-output>
  </reporter-output>
  <suite started-at="2024-12-05T14:54:28 IST" name="Default suite" finished-at="2024-12-05T14:54:29 IST" duration-ms="1035">
    <groups>
      <group name="cucumber">
        <method signature="AbstractTestNGCucumberTests.runScenario(io.cucumber.testng.PickleWrapper,io.cucumber.testng.FeatureWrapper)[pri:0, instance:Runner.registrationRunner@76ed1b7c]" name="runScenario" class="io.cucumber.testng.AbstractTestNGCucumberTests"/>
      </group> <!-- cucumber -->
    </groups>
    <test started-at="2024-12-05T14:54:28 IST" name="Default test" finished-at="2024-12-05T14:54:29 IST" duration-ms="1035">
      <class name="Runner.registrationRunner">
        <test-method is-config="true" signature="setUpClass(org.testng.ITestContext)[pri:0, instance:Runner.registrationRunner@76ed1b7c]" started-at="2024-12-05T14:54:28 IST" name="setUpClass" finished-at="2024-12-05T14:54:29 IST" duration-ms="597" status="PASS">
          <params>
            <param index="0">
              <value>
                <![CDATA[org.testng.TestRunner@743e66f7]]>
              </value>
            </param>
          </params>
          <reporter-output>
          </reporter-output>
        </test-method> <!-- setUpClass -->
        <test-method signature="runScenario(io.cucumber.testng.PickleWrapper,io.cucumber.testng.FeatureWrapper)[pri:0, instance:Runner.registrationRunner@76ed1b7c]" started-at="2024-12-05T14:54:29 IST" name="runScenario" description="Runs Cucumber Scenarios" data-provider="scenarios" finished-at="2024-12-05T14:54:29 IST" duration-ms="129" status="PASS">
          <params>
            <param index="0">
              <value>
                <![CDATA["To add multiple nominee deatils"]]>
              </value>
            </param>
            <param index="1">
              <value>
                <![CDATA["Registration form filling"]]>
              </value>
            </param>
          </params>
          <reporter-output>
          </reporter-output>
        </test-method> <!-- runScenario -->
        <test-method signature="runScenario(io.cucumber.testng.PickleWrapper,io.cucumber.testng.FeatureWrapper)[pri:0, instance:Runner.registrationRunner@76ed1b7c]" started-at="2024-12-05T14:54:29 IST" name="runScenario" description="Runs Cucumber Scenarios" data-provider="scenarios" finished-at="2024-12-05T14:54:29 IST" duration-ms="29" status="FAIL">
          <params>
            <param index="0">
              <value>
                <![CDATA["To update multiple nominee deatils"]]>
              </value>
            </param>
            <param index="1">
              <value>
                <![CDATA["Registration form filling"]]>
              </value>
            </param>
          </params>
          <exception class="java.lang.AssertionError">
            <message>
              <![CDATA[expected [true] but found [false]]]>
            </message>
            <full-stacktrace>
              <![CDATA[java.lang.AssertionError: expected [true] but found [false]
at org.testng.Assert.fail(Assert.java:111)
at org.testng.Assert.failNotEquals(Assert.java:1578)
at org.testng.Assert.assertTrue(Assert.java:57)
at org.testng.Assert.assertTrue(Assert.java:67)
at steps.registrationSteps.i_add_below_nominee_details_at_the_existing_deatils(registrationSteps.java:56)
at ✽.I add below nominee details at the existing deatils(file:///C:/Users/amrgaikw/eclipse-workspace/PracticeCucumberHooksReportsDataTable/src/test/resources/Features/RegistrationForm.feature:21)
]]>
            </full-stacktrace>
          </exception> <!-- java.lang.AssertionError -->
          <reporter-output>
          </reporter-output>
        </test-method> <!-- runScenario -->
        <test-method is-config="true" signature="tearDownClass()[pri:0, instance:Runner.registrationRunner@76ed1b7c]" started-at="2024-12-05T14:54:29 IST" name="tearDownClass" finished-at="2024-12-05T14:54:29 IST" duration-ms="237" status="PASS">
          <reporter-output>
          </reporter-output>
        </test-method> <!-- tearDownClass -->
      </class> <!-- Runner.registrationRunner -->
    </test> <!-- Default test -->
  </suite> <!-- Default suite -->
</testng-results>
